<?xml version="1.0" encoding="UTF-8"?>
<!-- Generated by org.testng.reporters.JUnitXMLReporter -->
<testsuite hostname="LAPTOP-HDOJPKS3" ignored="1" name="Test1" tests="2" failures="0" timestamp="2021-12-10T22:52:44 SGT" time="23.903" errors="0">
  <testcase name="googleSearch" time="9.9" classname="Test.TestNG_Demo"/>
  <testcase name="googleSearch2" time="9.916" classname="Test.TestNG_Demo1"/>
  <testcase name="googleSearch1" time="0.0" classname="Test.TestNG_Demo1">
    <ignored/>
  </testcase> <!-- googleSearch1 -->
</testsuite> <!-- Test1 -->
