<?xml version="1.0" encoding="UTF-8"?>
<testng-results skipped="0" failed="0" ignored="0" total="1" passed="1">
  <reporter-output>
  </reporter-output>
  <suite name="Default suite" duration-ms="14298" started-at="2021-12-12T10:44:58 SGT" finished-at="2021-12-12T10:45:12 SGT">
    <groups>
    </groups>
    <test name="Default test" duration-ms="14298" started-at="2021-12-12T10:44:58 SGT" finished-at="2021-12-12T10:45:12 SGT">
      <class name="Test.UntitledTestcase">
        <test-method status="PASS" signature="setUp()[pri:0, instance:Test.UntitledTestcase@25bbf683]" name="setUp" is-config="true" duration-ms="5887" started-at="2021-12-12T10:44:58 SGT" finished-at="2021-12-12T10:45:04 SGT">
          <reporter-output>
          </reporter-output>
        </test-method> <!-- setUp -->
        <test-method status="PASS" signature="testUntitledTestcase()[pri:0, instance:Test.UntitledTestcase@25bbf683]" name="testUntitledTestcase" duration-ms="7524" started-at="2021-12-12T10:45:04 SGT" finished-at="2021-12-12T10:45:12 SGT">
          <reporter-output>
          </reporter-output>
        </test-method> <!-- testUntitledTestcase -->
        <test-method status="PASS" signature="tearDown()[pri:0, instance:Test.UntitledTestcase@25bbf683]" name="tearDown" is-config="true" duration-ms="823" started-at="2021-12-12T10:45:12 SGT" finished-at="2021-12-12T10:45:12 SGT">
          <reporter-output>
          </reporter-output>
        </test-method> <!-- tearDown -->
      </class> <!-- Test.UntitledTestcase -->
    </test> <!-- Default test -->
  </suite> <!-- Default suite -->
</testng-results>
