<?xml version="1.0" encoding="UTF-8"?>
<!-- Generated by org.testng.reporters.JUnitXMLReporter -->
<testsuite hostname="LAPTOP-HDOJPKS3" ignored="0" name="Test2" tests="3" failures="0" timestamp="2021-12-12T00:20:17 SGT" time="12.513" errors="0">
  <testcase name="test1" time="8.468" classname="Demo.TestNGParallelTestingDemo"/>
  <testcase name="test3" time="12.372" classname="Demo.TestNGParallelTestingDemo"/>
  <testcase name="test2" time="12.464" classname="Demo.TestNGParallelTestingDemo"/>
</testsuite> <!-- Test2 -->
