<?xml version="1.0" encoding="UTF-8"?>
<!-- Generated by org.testng.reporters.JUnitXMLReporter -->
<testsuite hostname="LAPTOP-HDOJPKS3" ignored="0" name="Test" tests="6" failures="0" timestamp="2021-12-17T16:54:11 SGT" time="5.654" errors="0">
  <testcase name="test1" time="5.557" classname="Listeners.TestNGListenersDemo"/>
  <testcase name="test2" time="0.004" classname="Listeners.TestNGListenersDemo"/>
  <testcase name="test3" time="0.001" classname="Listeners.TestNGListenersDemo"/>
  <testcase name="test4" time="0.001" classname="Listeners.TestNGListenersDemo2"/>
  <testcase name="test5" time="0.012" classname="Listeners.TestNGListenersDemo2"/>
  <testcase name="test6" time="0.001" classname="Listeners.TestNGListenersDemo2"/>
</testsuite> <!-- Test -->
