<?xml version="1.0" encoding="UTF-8"?>
<!-- Generated by org.testng.reporters.JUnitXMLReporter -->
<testsuite hostname="LAPTOP-HDOJPKS3" ignored="0" name="Parallel Testing in Headless Chrome with Screenshots" tests="3" failures="0" timestamp="2021-12-14T18:00:58 SGT" time="8.204" errors="0">
  <testcase name="test1" time="8.075" classname="Demo.TestNGParallelTestingDemo"/>
  <testcase name="test2" time="8.113" classname="Demo.TestNGParallelTestingDemo"/>
  <testcase name="test3" time="8.152" classname="Demo.TestNGParallelTestingDemo"/>
</testsuite> <!-- Parallel Testing in Headless Chrome with Screenshots -->
