<?xml version="1.0" encoding="UTF-8"?>
<!-- Generated by org.testng.reporters.JUnitXMLReporter -->
<testsuite hostname="LAPTOP-HDOJPKS3" ignored="0" name="Parallel Testing in Headless Chrome with Screenshots" tests="3" failures="0" timestamp="2021-12-14T17:50:43 SGT" time="5.341" errors="0">
  <testcase name="test2" time="5.255" classname="Demo.TestNGParallelTestingDemo"/>
  <testcase name="test1" time="5.289" classname="Demo.TestNGParallelTestingDemo"/>
  <testcase name="test3" time="5.29" classname="Demo.TestNGParallelTestingDemo"/>
</testsuite> <!-- Parallel Testing in Headless Chrome with Screenshots -->
