<?xml version="1.0" encoding="UTF-8"?>
<!-- Generated by org.testng.reporters.JUnitXMLReporter -->
<testsuite hostname="LAPTOP-HDOJPKS3" ignored="0" name="Test2" tests="3" failures="0" timestamp="2021-12-14T17:48:13 SGT" time="5.281" errors="0">
  <testcase name="test1" time="5.184" classname="Demo.TestNGParallelTestingDemo"/>
  <testcase name="test2" time="5.183" classname="Demo.TestNGParallelTestingDemo"/>
  <testcase name="test3" time="5.231" classname="Demo.TestNGParallelTestingDemo"/>
</testsuite> <!-- Test2 -->
