<?xml version="1.0" encoding="UTF-8"?>
<!-- Generated by org.testng.reporters.JUnitXMLReporter -->
<testsuite hostname="LAPTOP-HDOJPKS3" ignored="0" name="Test2" tests="3" failures="0" timestamp="2021-12-14T17:26:46 SGT" time="4.94" errors="0">
  <testcase name="test2" time="4.855" classname="Demo.TestNGParallelTestingDemo"/>
  <testcase name="test3" time="4.875" classname="Demo.TestNGParallelTestingDemo"/>
  <testcase name="test1" time="4.892" classname="Demo.TestNGParallelTestingDemo"/>
</testsuite> <!-- Test2 -->
