<?xml version="1.0" encoding="UTF-8"?>
<!-- Generated by org.testng.reporters.JUnitXMLReporter -->
<testsuite hostname="LAPTOP-HDOJPKS3" ignored="0" name="Default test(failed)" tests="3" failures="3" timestamp="2021-12-14T20:39:02 SGT" time="2.956" errors="0">
  <testcase name="@AfterTest tearDownTest" time="0.0" classname="Project1.TestNGParallelTestingDemo">
    <failure type="java.lang.NullPointerException">
      <![CDATA[java.lang.NullPointerException
at Project1.TestNGParallelTestingDemo.tearDownTest(TestNGParallelTestingDemo.java:131)
... Removed 24 stack frames]]>
    </failure>
  </testcase> <!-- @AfterTest tearDownTest -->
  <testcase name="test1" time="0.011" classname="Project1.TestNGParallelTestingDemo">
    <failure type="java.lang.NullPointerException">
      <![CDATA[java.lang.NullPointerException
at Project1.TestNGParallelTestingDemo.test1(TestNGParallelTestingDemo.java:67)
at java.util.ArrayList.forEach(ArrayList.java:1259)
... Removed 27 stack frames]]>
    </failure>
  </testcase> <!-- test1 -->
  <testcase name="test2" time="0.001" classname="Project1.TestNGParallelTestingDemo">
    <failure type="java.lang.NullPointerException">
      <![CDATA[java.lang.NullPointerException
at Project1.TestNGParallelTestingDemo.test2(TestNGParallelTestingDemo.java:94)
at java.util.ArrayList.forEach(ArrayList.java:1259)
... Removed 27 stack frames]]>
    </failure>
  </testcase> <!-- test2 -->
  <testcase name="test3" time="0.005" classname="Project1.TestNGParallelTestingDemo">
    <failure type="java.lang.NullPointerException">
      <![CDATA[java.lang.NullPointerException
at Project1.TestNGParallelTestingDemo.test3(TestNGParallelTestingDemo.java:117)
at java.util.ArrayList.forEach(ArrayList.java:1259)
... Removed 27 stack frames]]>
    </failure>
  </testcase> <!-- test3 -->
</testsuite> <!-- Default test(failed) -->
