<?xml version="1.0" encoding="UTF-8"?>
<!-- Generated by org.testng.reporters.JUnitXMLReporter -->
<testsuite hostname="LAPTOP-HDOJPKS3" ignored="0" name="Default test" tests="3" failures="0" timestamp="2021-12-14T17:14:47 SGT" time="21.707" errors="0">
  <testcase name="test1" time="8.499" classname="Demo.TestNGParallelTestingDemo"/>
  <testcase name="test2" time="6.746" classname="Demo.TestNGParallelTestingDemo"/>
  <testcase name="test3" time="6.401" classname="Demo.TestNGParallelTestingDemo"/>
</testsuite> <!-- Default test -->
