<?xml version="1.0" encoding="UTF-8"?>
<!-- Generated by org.testng.reporters.JUnitXMLReporter -->
<testsuite hostname="LAPTOP-HDOJPKS3" ignored="0" name="Default test" tests="3" failures="0" timestamp="2021-12-14T21:03:55 SGT" time="0.06" errors="0">
  <testcase name="test4" time="0.007" classname="Listeners.TestNGListenersDemo2"/>
  <testcase name="test5" time="0.001" classname="Listeners.TestNGListenersDemo2"/>
  <testcase name="test6" time="0.001" classname="Listeners.TestNGListenersDemo2"/>
</testsuite> <!-- Default test -->
