<?xml version="1.0" encoding="UTF-8"?>
<!-- Generated by org.testng.reporters.JUnitXMLReporter -->
<testsuite hostname="LAPTOP-HDOJPKS3" ignored="0" name="ParallelHeadlessExtentReportScreenshot" tests="3" failures="0" timestamp="2021-12-14T22:43:37 SGT" time="6.428" errors="0">
  <testcase name="test3" time="1.099" classname="Project1.TestCase1Sample"/>
  <testcase name="test1" time="0.447" classname="Project1.TestCase1Sample"/>
  <testcase name="test2" time="0.332" classname="Project1.TestCase1Sample"/>
</testsuite> <!-- ParallelHeadlessExtentReportScreenshot -->
